<?xml version="1.0" encoding="UTF-8"?>
<!-- Generated by org.testng.reporters.JUnitXMLReporter -->
<testsuite hostname="DESKTOP-JC2CKGE" name="Test" tests="3" failures="0" timestamp="26 Jul 2020 18:36:32 GMT" time="232.674" errors="0">
  <testcase name="homePageTest" time="30.958" classname="com.qa.NoBrokerTest.HomeTest"/>
  <testcase name="ListTest" time="14.201" classname="com.qa.NoBrokerTest.search_ListTest"/>
  <testcase name="description" time="3.823" classname="com.qa.NoBrokerTest.DescriptinTest"/>
</testsuite> <!-- Test -->
